{"uid":"4986d64531fa5c94","name":"test_verify_network_table_data","fullName":"test_cases.test_Infrastructure_network.Test_Infrastructure_Storage#test_verify_network_table_data","historyId":"13d02f754d120e0f394f530b50436495","time":{"start":1731316944581,"stop":1731316982022,"duration":37441},"status":"broken","statusMessage":"selenium.common.exceptions.NoSuchElementException: Message: no such element: Unable to locate element: {\"method\":\"xpath\",\"selector\":\"(//div[@class='ant-spin-container'])[4]\"}\n  (Session info: chrome=129.0.6668.101); For documentation on this error, please visit: https://www.selenium.dev/documentation/webdriver/troubleshooting/errors#no-such-element-exception\nStacktrace:\n\tGetHandleVerifier [0x00007FF645A1B095+29557]\n\t(No symbol) [0x00007FF64598FA50]\n\t(No symbol) [0x00007FF64584B56A]\n\t(No symbol) [0x00007FF64589F695]\n\t(No symbol) [0x00007FF64589F8EC]\n\t(No symbol) [0x00007FF6458EB777]\n\t(No symbol) [0x00007FF6458C71CF]\n\t(No symbol) [0x00007FF6458E851C]\n\t(No symbol) [0x00007FF6458C6F33]\n\t(No symbol) [0x00007FF64589116F]\n\t(No symbol) [0x00007FF6458922D1]\n\tGetHandleVerifier [0x00007FF645D4C96D+3378253]\n\tGetHandleVerifier [0x00007FF645D98497+3688311]\n\tGetHandleVerifier [0x00007FF645D8D1CB+3642539]\n\tGetHandleVerifier [0x00007FF645ADA6B6+813462]\n\t(No symbol) [0x00007FF64599AB5F]\n\t(No symbol) [0x00007FF645996B74]\n\t(No symbol) [0x00007FF645996D10]\n\t(No symbol) [0x00007FF645985C1F]\n\tBaseThreadInitThunk [0x00007FFD6B36257D+29]\n\tRtlUserThreadStart [0x00007FFD6C62AF28+40]","statusTrace":"self = <test_cases.test_Infrastructure_network.Test_Infrastructure_Storage object at 0x000001DA42D8E930>\nsetup = <selenium.webdriver.chrome.webdriver.WebDriver (session=\"34c14aa113668f126897881248f8e55a\")>\n\n    def test_verify_network_table_data(self, setup):\n        self.logger.info(\"*************** Test_Infrastructure storage table data *********************\")\n    \n        self.driver = setup\n        self.driver.get(self.loginpage_url)\n        self.driver.maximize_window()\n        time.sleep(2)\n        self.login = Zoomview_Login_Page(self.driver)  # Corrected instantiation\n        self.login.enter_email(self.email)\n        self.login.enter_password(self.password)\n        self.login.click_login()\n        time.sleep(8)  # Wait for the login to process\n        self.infrastructure = Zoomview_Infrastructure_Page(self.driver)\n        time.sleep(3)\n        self.infrastructure.infrastructure_page_button()\n        time.sleep(4)\n        self.infrastructure.click_infrastructure_actions_button()\n        time.sleep(3)\n        self.driver.find_element(By.XPATH, \"//div[text()='Network']\").click()\n        time.sleep(7)\n    \n        # Locate the table element\n>       table = self.driver.find_element(By.XPATH, \"(//div[@class='ant-spin-container'])[4]\")\n\ntest_cases\\test_Infrastructure_network.py:273: \n_ _ _ _ _ _ _ _ _ _ _ _ _ _ _ _ _ _ _ _ _ _ _ _ _ _ _ _ _ _ _ _ _ _ _ _ _ _ _ _\n..\\..\\..\\..\\AppData\\Local\\Programs\\Python\\Python312\\Lib\\site-packages\\selenium\\webdriver\\remote\\webdriver.py:741: in find_element\n    return self.execute(Command.FIND_ELEMENT, {\"using\": by, \"value\": value})[\"value\"]\n..\\..\\..\\..\\AppData\\Local\\Programs\\Python\\Python312\\Lib\\site-packages\\selenium\\webdriver\\remote\\webdriver.py:347: in execute\n    self.error_handler.check_response(response)\n_ _ _ _ _ _ _ _ _ _ _ _ _ _ _ _ _ _ _ _ _ _ _ _ _ _ _ _ _ _ _ _ _ _ _ _ _ _ _ _\n\nself = <selenium.webdriver.remote.errorhandler.ErrorHandler object at 0x000001DA445CA0C0>\nresponse = {'status': 404, 'value': '{\"value\":{\"error\":\"no such element\",\"message\":\"no such element: Unable to locate element: {\\...07FF645985C1F]\\\\n\\\\tBaseThreadInitThunk [0x00007FFD6B36257D+29]\\\\n\\\\tRtlUserThreadStart [0x00007FFD6C62AF28+40]\\\\n\"}}'}\n\n    def check_response(self, response: Dict[str, Any]) -> None:\n        \"\"\"Checks that a JSON response from the WebDriver does not have an\n        error.\n    \n        :Args:\n         - response - The JSON response from the WebDriver server as a dictionary\n           object.\n    \n        :Raises: If the response contains an error message.\n        \"\"\"\n        status = response.get(\"status\", None)\n        if not status or status == ErrorCode.SUCCESS:\n            return\n        value = None\n        message = response.get(\"message\", \"\")\n        screen: str = response.get(\"screen\", \"\")\n        stacktrace = None\n        if isinstance(status, int):\n            value_json = response.get(\"value\", None)\n            if value_json and isinstance(value_json, str):\n                import json\n    \n                try:\n                    value = json.loads(value_json)\n                    if len(value) == 1:\n                        value = value[\"value\"]\n                    status = value.get(\"error\", None)\n                    if not status:\n                        status = value.get(\"status\", ErrorCode.UNKNOWN_ERROR)\n                        message = value.get(\"value\") or value.get(\"message\")\n                        if not isinstance(message, str):\n                            value = message\n                            message = message.get(\"message\")\n                    else:\n                        message = value.get(\"message\", None)\n                except ValueError:\n                    pass\n    \n        exception_class: Type[WebDriverException]\n        e = ErrorCode()\n        error_codes = [item for item in dir(e) if not item.startswith(\"__\")]\n        for error_code in error_codes:\n            error_info = getattr(ErrorCode, error_code)\n            if isinstance(error_info, list) and status in error_info:\n                exception_class = getattr(ExceptionMapping, error_code, WebDriverException)\n                break\n        else:\n            exception_class = WebDriverException\n    \n        if not value:\n            value = response[\"value\"]\n        if isinstance(value, str):\n            raise exception_class(value)\n        if message == \"\" and \"message\" in value:\n            message = value[\"message\"]\n    \n        screen = None  # type: ignore[assignment]\n        if \"screen\" in value:\n            screen = value[\"screen\"]\n    \n        stacktrace = None\n        st_value = value.get(\"stackTrace\") or value.get(\"stacktrace\")\n        if st_value:\n            if isinstance(st_value, str):\n                stacktrace = st_value.split(\"\\n\")\n            else:\n                stacktrace = []\n                try:\n                    for frame in st_value:\n                        line = frame.get(\"lineNumber\", \"\")\n                        file = frame.get(\"fileName\", \"<anonymous>\")\n                        if line:\n                            file = f\"{file}:{line}\"\n                        meth = frame.get(\"methodName\", \"<anonymous>\")\n                        if \"className\" in frame:\n                            meth = f\"{frame['className']}.{meth}\"\n                        msg = \"    at %s (%s)\"\n                        msg = msg % (meth, file)\n                        stacktrace.append(msg)\n                except TypeError:\n                    pass\n        if exception_class == UnexpectedAlertPresentException:\n            alert_text = None\n            if \"data\" in value:\n                alert_text = value[\"data\"].get(\"text\")\n            elif \"alert\" in value:\n                alert_text = value[\"alert\"].get(\"text\")\n            raise exception_class(message, screen, stacktrace, alert_text)  # type: ignore[call-arg]  # mypy is not smart enough here\n>       raise exception_class(message, screen, stacktrace)\nE       selenium.common.exceptions.NoSuchElementException: Message: no such element: Unable to locate element: {\"method\":\"xpath\",\"selector\":\"(//div[@class='ant-spin-container'])[4]\"}\nE         (Session info: chrome=129.0.6668.101); For documentation on this error, please visit: https://www.selenium.dev/documentation/webdriver/troubleshooting/errors#no-such-element-exception\nE       Stacktrace:\nE       \tGetHandleVerifier [0x00007FF645A1B095+29557]\nE       \t(No symbol) [0x00007FF64598FA50]\nE       \t(No symbol) [0x00007FF64584B56A]\nE       \t(No symbol) [0x00007FF64589F695]\nE       \t(No symbol) [0x00007FF64589F8EC]\nE       \t(No symbol) [0x00007FF6458EB777]\nE       \t(No symbol) [0x00007FF6458C71CF]\nE       \t(No symbol) [0x00007FF6458E851C]\nE       \t(No symbol) [0x00007FF6458C6F33]\nE       \t(No symbol) [0x00007FF64589116F]\nE       \t(No symbol) [0x00007FF6458922D1]\nE       \tGetHandleVerifier [0x00007FF645D4C96D+3378253]\nE       \tGetHandleVerifier [0x00007FF645D98497+3688311]\nE       \tGetHandleVerifier [0x00007FF645D8D1CB+3642539]\nE       \tGetHandleVerifier [0x00007FF645ADA6B6+813462]\nE       \t(No symbol) [0x00007FF64599AB5F]\nE       \t(No symbol) [0x00007FF645996B74]\nE       \t(No symbol) [0x00007FF645996D10]\nE       \t(No symbol) [0x00007FF645985C1F]\nE       \tBaseThreadInitThunk [0x00007FFD6B36257D+29]\nE       \tRtlUserThreadStart [0x00007FFD6C62AF28+40]\n\n..\\..\\..\\..\\AppData\\Local\\Programs\\Python\\Python312\\Lib\\site-packages\\selenium\\webdriver\\remote\\errorhandler.py:229: NoSuchElementException","flaky":false,"newFailed":false,"newBroken":false,"newPassed":false,"retriesCount":0,"retriesStatusChange":false,"beforeStages":[{"name":"browser","time":{"start":1731316942145,"stop":1731316942145,"duration":0},"status":"passed","steps":[],"attachments":[],"parameters":[],"attachmentsCount":0,"shouldDisplayMessage":false,"stepsCount":0,"attachmentStep":false,"hasContent":false},{"name":"setup","time":{"start":1731316942146,"stop":1731316944579,"duration":2433},"status":"passed","steps":[],"attachments":[],"parameters":[],"attachmentsCount":0,"shouldDisplayMessage":false,"stepsCount":0,"attachmentStep":false,"hasContent":false}],"testStage":{"status":"broken","statusMessage":"selenium.common.exceptions.NoSuchElementException: Message: no such element: Unable to locate element: {\"method\":\"xpath\",\"selector\":\"(//div[@class='ant-spin-container'])[4]\"}\n  (Session info: chrome=129.0.6668.101); For documentation on this error, please visit: https://www.selenium.dev/documentation/webdriver/troubleshooting/errors#no-such-element-exception\nStacktrace:\n\tGetHandleVerifier [0x00007FF645A1B095+29557]\n\t(No symbol) [0x00007FF64598FA50]\n\t(No symbol) [0x00007FF64584B56A]\n\t(No symbol) [0x00007FF64589F695]\n\t(No symbol) [0x00007FF64589F8EC]\n\t(No symbol) [0x00007FF6458EB777]\n\t(No symbol) [0x00007FF6458C71CF]\n\t(No symbol) [0x00007FF6458E851C]\n\t(No symbol) [0x00007FF6458C6F33]\n\t(No symbol) [0x00007FF64589116F]\n\t(No symbol) [0x00007FF6458922D1]\n\tGetHandleVerifier [0x00007FF645D4C96D+3378253]\n\tGetHandleVerifier [0x00007FF645D98497+3688311]\n\tGetHandleVerifier [0x00007FF645D8D1CB+3642539]\n\tGetHandleVerifier [0x00007FF645ADA6B6+813462]\n\t(No symbol) [0x00007FF64599AB5F]\n\t(No symbol) [0x00007FF645996B74]\n\t(No symbol) [0x00007FF645996D10]\n\t(No symbol) [0x00007FF645985C1F]\n\tBaseThreadInitThunk [0x00007FFD6B36257D+29]\n\tRtlUserThreadStart [0x00007FFD6C62AF28+40]","statusTrace":"self = <test_cases.test_Infrastructure_network.Test_Infrastructure_Storage object at 0x000001DA42D8E930>\nsetup = <selenium.webdriver.chrome.webdriver.WebDriver (session=\"34c14aa113668f126897881248f8e55a\")>\n\n    def test_verify_network_table_data(self, setup):\n        self.logger.info(\"*************** Test_Infrastructure storage table data *********************\")\n    \n        self.driver = setup\n        self.driver.get(self.loginpage_url)\n        self.driver.maximize_window()\n        time.sleep(2)\n        self.login = Zoomview_Login_Page(self.driver)  # Corrected instantiation\n        self.login.enter_email(self.email)\n        self.login.enter_password(self.password)\n        self.login.click_login()\n        time.sleep(8)  # Wait for the login to process\n        self.infrastructure = Zoomview_Infrastructure_Page(self.driver)\n        time.sleep(3)\n        self.infrastructure.infrastructure_page_button()\n        time.sleep(4)\n        self.infrastructure.click_infrastructure_actions_button()\n        time.sleep(3)\n        self.driver.find_element(By.XPATH, \"//div[text()='Network']\").click()\n        time.sleep(7)\n    \n        # Locate the table element\n>       table = self.driver.find_element(By.XPATH, \"(//div[@class='ant-spin-container'])[4]\")\n\ntest_cases\\test_Infrastructure_network.py:273: \n_ _ _ _ _ _ _ _ _ _ _ _ _ _ _ _ _ _ _ _ _ _ _ _ _ _ _ _ _ _ _ _ _ _ _ _ _ _ _ _\n..\\..\\..\\..\\AppData\\Local\\Programs\\Python\\Python312\\Lib\\site-packages\\selenium\\webdriver\\remote\\webdriver.py:741: in find_element\n    return self.execute(Command.FIND_ELEMENT, {\"using\": by, \"value\": value})[\"value\"]\n..\\..\\..\\..\\AppData\\Local\\Programs\\Python\\Python312\\Lib\\site-packages\\selenium\\webdriver\\remote\\webdriver.py:347: in execute\n    self.error_handler.check_response(response)\n_ _ _ _ _ _ _ _ _ _ _ _ _ _ _ _ _ _ _ _ _ _ _ _ _ _ _ _ _ _ _ _ _ _ _ _ _ _ _ _\n\nself = <selenium.webdriver.remote.errorhandler.ErrorHandler object at 0x000001DA445CA0C0>\nresponse = {'status': 404, 'value': '{\"value\":{\"error\":\"no such element\",\"message\":\"no such element: Unable to locate element: {\\...07FF645985C1F]\\\\n\\\\tBaseThreadInitThunk [0x00007FFD6B36257D+29]\\\\n\\\\tRtlUserThreadStart [0x00007FFD6C62AF28+40]\\\\n\"}}'}\n\n    def check_response(self, response: Dict[str, Any]) -> None:\n        \"\"\"Checks that a JSON response from the WebDriver does not have an\n        error.\n    \n        :Args:\n         - response - The JSON response from the WebDriver server as a dictionary\n           object.\n    \n        :Raises: If the response contains an error message.\n        \"\"\"\n        status = response.get(\"status\", None)\n        if not status or status == ErrorCode.SUCCESS:\n            return\n        value = None\n        message = response.get(\"message\", \"\")\n        screen: str = response.get(\"screen\", \"\")\n        stacktrace = None\n        if isinstance(status, int):\n            value_json = response.get(\"value\", None)\n            if value_json and isinstance(value_json, str):\n                import json\n    \n                try:\n                    value = json.loads(value_json)\n                    if len(value) == 1:\n                        value = value[\"value\"]\n                    status = value.get(\"error\", None)\n                    if not status:\n                        status = value.get(\"status\", ErrorCode.UNKNOWN_ERROR)\n                        message = value.get(\"value\") or value.get(\"message\")\n                        if not isinstance(message, str):\n                            value = message\n                            message = message.get(\"message\")\n                    else:\n                        message = value.get(\"message\", None)\n                except ValueError:\n                    pass\n    \n        exception_class: Type[WebDriverException]\n        e = ErrorCode()\n        error_codes = [item for item in dir(e) if not item.startswith(\"__\")]\n        for error_code in error_codes:\n            error_info = getattr(ErrorCode, error_code)\n            if isinstance(error_info, list) and status in error_info:\n                exception_class = getattr(ExceptionMapping, error_code, WebDriverException)\n                break\n        else:\n            exception_class = WebDriverException\n    \n        if not value:\n            value = response[\"value\"]\n        if isinstance(value, str):\n            raise exception_class(value)\n        if message == \"\" and \"message\" in value:\n            message = value[\"message\"]\n    \n        screen = None  # type: ignore[assignment]\n        if \"screen\" in value:\n            screen = value[\"screen\"]\n    \n        stacktrace = None\n        st_value = value.get(\"stackTrace\") or value.get(\"stacktrace\")\n        if st_value:\n            if isinstance(st_value, str):\n                stacktrace = st_value.split(\"\\n\")\n            else:\n                stacktrace = []\n                try:\n                    for frame in st_value:\n                        line = frame.get(\"lineNumber\", \"\")\n                        file = frame.get(\"fileName\", \"<anonymous>\")\n                        if line:\n                            file = f\"{file}:{line}\"\n                        meth = frame.get(\"methodName\", \"<anonymous>\")\n                        if \"className\" in frame:\n                            meth = f\"{frame['className']}.{meth}\"\n                        msg = \"    at %s (%s)\"\n                        msg = msg % (meth, file)\n                        stacktrace.append(msg)\n                except TypeError:\n                    pass\n        if exception_class == UnexpectedAlertPresentException:\n            alert_text = None\n            if \"data\" in value:\n                alert_text = value[\"data\"].get(\"text\")\n            elif \"alert\" in value:\n                alert_text = value[\"alert\"].get(\"text\")\n            raise exception_class(message, screen, stacktrace, alert_text)  # type: ignore[call-arg]  # mypy is not smart enough here\n>       raise exception_class(message, screen, stacktrace)\nE       selenium.common.exceptions.NoSuchElementException: Message: no such element: Unable to locate element: {\"method\":\"xpath\",\"selector\":\"(//div[@class='ant-spin-container'])[4]\"}\nE         (Session info: chrome=129.0.6668.101); For documentation on this error, please visit: https://www.selenium.dev/documentation/webdriver/troubleshooting/errors#no-such-element-exception\nE       Stacktrace:\nE       \tGetHandleVerifier [0x00007FF645A1B095+29557]\nE       \t(No symbol) [0x00007FF64598FA50]\nE       \t(No symbol) [0x00007FF64584B56A]\nE       \t(No symbol) [0x00007FF64589F695]\nE       \t(No symbol) [0x00007FF64589F8EC]\nE       \t(No symbol) [0x00007FF6458EB777]\nE       \t(No symbol) [0x00007FF6458C71CF]\nE       \t(No symbol) [0x00007FF6458E851C]\nE       \t(No symbol) [0x00007FF6458C6F33]\nE       \t(No symbol) [0x00007FF64589116F]\nE       \t(No symbol) [0x00007FF6458922D1]\nE       \tGetHandleVerifier [0x00007FF645D4C96D+3378253]\nE       \tGetHandleVerifier [0x00007FF645D98497+3688311]\nE       \tGetHandleVerifier [0x00007FF645D8D1CB+3642539]\nE       \tGetHandleVerifier [0x00007FF645ADA6B6+813462]\nE       \t(No symbol) [0x00007FF64599AB5F]\nE       \t(No symbol) [0x00007FF645996B74]\nE       \t(No symbol) [0x00007FF645996D10]\nE       \t(No symbol) [0x00007FF645985C1F]\nE       \tBaseThreadInitThunk [0x00007FFD6B36257D+29]\nE       \tRtlUserThreadStart [0x00007FFD6C62AF28+40]\n\n..\\..\\..\\..\\AppData\\Local\\Programs\\Python\\Python312\\Lib\\site-packages\\selenium\\webdriver\\remote\\errorhandler.py:229: NoSuchElementException","steps":[],"attachments":[{"uid":"7905f050bca1b194","name":"log","source":"7905f050bca1b194.txt","type":"text/plain","size":125}],"parameters":[],"attachmentsCount":1,"shouldDisplayMessage":true,"stepsCount":0,"attachmentStep":false,"hasContent":true},"afterStages":[],"labels":[{"name":"parentSuite","value":"test_cases"},{"name":"suite","value":"test_Infrastructure_network"},{"name":"subSuite","value":"Test_Infrastructure_Storage"},{"name":"host","value":"ZCSU016-ZL"},{"name":"thread","value":"14388-MainThread"},{"name":"framework","value":"pytest"},{"name":"language","value":"cpython3"},{"name":"package","value":"test_cases.test_Infrastructure_network"},{"name":"resultFormat","value":"allure2"}],"parameters":[],"links":[],"hidden":false,"retry":false,"extra":{"severity":"normal","retries":[],"categories":[{"name":"Test defects","matchedStatuses":[],"flaky":false}],"history":{"statistic":{"failed":0,"broken":4,"skipped":0,"passed":0,"unknown":0,"total":4},"items":[{"uid":"1d4fd7878e5e0610","reportUrl":"http://localhost:8080/job/Zoomview/5/allure/#testresult/1d4fd7878e5e0610","status":"broken","statusDetails":"selenium.common.exceptions.NoSuchElementException: Message: no such element: Unable to locate element: {\"method\":\"xpath\",\"selector\":\"(//div[@class='ant-spin-container'])[4]\"}\n  (Session info: chrome=129.0.6668.101); For documentation on this error, please visit: https://www.selenium.dev/documentation/webdriver/troubleshooting/errors#no-such-element-exception\nStacktrace:\n\tGetHandleVerifier [0x00007FF645A1B095+29557]\n\t(No symbol) [0x00007FF64598FA50]\n\t(No symbol) [0x00007FF64584B56A]\n\t(No symbol) [0x00007FF64589F695]\n\t(No symbol) [0x00007FF64589F8EC]\n\t(No symbol) [0x00007FF6458EB777]\n\t(No symbol) [0x00007FF6458C71CF]\n\t(No symbol) [0x00007FF6458E851C]\n\t(No symbol) [0x00007FF6458C6F33]\n\t(No symbol) [0x00007FF64589116F]\n\t(No symbol) [0x00007FF6458922D1]\n\tGetHandleVerifier [0x00007FF645D4C96D+3378253]\n\tGetHandleVerifier [0x00007FF645D98497+3688311]\n\tGetHandleVerifier [0x00007FF645D8D1CB+3642539]\n\tGetHandleVerifier [0x00007FF645ADA6B6+813462]\n\t(No symbol) [0x00007FF64599AB5F]\n\t(No symbol) [0x00007FF645996B74]\n\t(No symbol) [0x00007FF645996D10]\n\t(No symbol) [0x00007FF645985C1F]\n\tBaseThreadInitThunk [0x00007FFD6B36257D+29]\n\tRtlUserThreadStart [0x00007FFD6C62AF28+40]","time":{"start":1731316944581,"stop":1731316982022,"duration":37441}},{"uid":"2b644a1ef48390b2","reportUrl":"http://localhost:8080/job/Zoomview/4/allure/#testresult/2b644a1ef48390b2","status":"broken","statusDetails":"selenium.common.exceptions.NoSuchElementException: Message: no such element: Unable to locate element: {\"method\":\"xpath\",\"selector\":\"(//div[@class='ant-spin-container'])[4]\"}\n  (Session info: chrome=129.0.6668.101); For documentation on this error, please visit: https://www.selenium.dev/documentation/webdriver/troubleshooting/errors#no-such-element-exception\nStacktrace:\n\tGetHandleVerifier [0x00007FF645A1B095+29557]\n\t(No symbol) [0x00007FF64598FA50]\n\t(No symbol) [0x00007FF64584B56A]\n\t(No symbol) [0x00007FF64589F695]\n\t(No symbol) [0x00007FF64589F8EC]\n\t(No symbol) [0x00007FF6458EB777]\n\t(No symbol) [0x00007FF6458C71CF]\n\t(No symbol) [0x00007FF6458E851C]\n\t(No symbol) [0x00007FF6458C6F33]\n\t(No symbol) [0x00007FF64589116F]\n\t(No symbol) [0x00007FF6458922D1]\n\tGetHandleVerifier [0x00007FF645D4C96D+3378253]\n\tGetHandleVerifier [0x00007FF645D98497+3688311]\n\tGetHandleVerifier [0x00007FF645D8D1CB+3642539]\n\tGetHandleVerifier [0x00007FF645ADA6B6+813462]\n\t(No symbol) [0x00007FF64599AB5F]\n\t(No symbol) [0x00007FF645996B74]\n\t(No symbol) [0x00007FF645996D10]\n\t(No symbol) [0x00007FF645985C1F]\n\tBaseThreadInitThunk [0x00007FFD6B36257D+29]\n\tRtlUserThreadStart [0x00007FFD6C62AF28+40]","time":{"start":1731316944581,"stop":1731316982022,"duration":37441}},{"uid":"f9f4613fc9dde712","reportUrl":"http://localhost:8080/job/Zoomview/3/allure/#testresult/f9f4613fc9dde712","status":"broken","statusDetails":"selenium.common.exceptions.NoSuchElementException: Message: no such element: Unable to locate element: {\"method\":\"xpath\",\"selector\":\"(//div[@class='ant-spin-container'])[4]\"}\n  (Session info: chrome=129.0.6668.101); For documentation on this error, please visit: https://www.selenium.dev/documentation/webdriver/troubleshooting/errors#no-such-element-exception\nStacktrace:\n\tGetHandleVerifier [0x00007FF645A1B095+29557]\n\t(No symbol) [0x00007FF64598FA50]\n\t(No symbol) [0x00007FF64584B56A]\n\t(No symbol) [0x00007FF64589F695]\n\t(No symbol) [0x00007FF64589F8EC]\n\t(No symbol) [0x00007FF6458EB777]\n\t(No symbol) [0x00007FF6458C71CF]\n\t(No symbol) [0x00007FF6458E851C]\n\t(No symbol) [0x00007FF6458C6F33]\n\t(No symbol) [0x00007FF64589116F]\n\t(No symbol) [0x00007FF6458922D1]\n\tGetHandleVerifier [0x00007FF645D4C96D+3378253]\n\tGetHandleVerifier [0x00007FF645D98497+3688311]\n\tGetHandleVerifier [0x00007FF645D8D1CB+3642539]\n\tGetHandleVerifier [0x00007FF645ADA6B6+813462]\n\t(No symbol) [0x00007FF64599AB5F]\n\t(No symbol) [0x00007FF645996B74]\n\t(No symbol) [0x00007FF645996D10]\n\t(No symbol) [0x00007FF645985C1F]\n\tBaseThreadInitThunk [0x00007FFD6B36257D+29]\n\tRtlUserThreadStart [0x00007FFD6C62AF28+40]","time":{"start":1731316944581,"stop":1731316982022,"duration":37441}}]},"tags":[]},"source":"4986d64531fa5c94.json","parameterValues":[]}