{"uid":"692be366545b4f95","name":"test_logpartition_edit_tablerow","fullName":"test_cases.test_Logs_LogPartition.Test_Logs_LogPartition#test_logpartition_edit_tablerow","historyId":"af1606cbf1d9eb5a18d97f3e43301021","time":{"start":1731318929855,"stop":1731318940890,"duration":11035},"status":"broken","statusMessage":"selenium.common.exceptions.NoSuchElementException: Message: no such element: Unable to locate element: {\"method\":\"xpath\",\"selector\":\"(//span[text()='Logs'])[1]\"}\n  (Session info: chrome=129.0.6668.101); For documentation on this error, please visit: https://www.selenium.dev/documentation/webdriver/troubleshooting/errors#no-such-element-exception\nStacktrace:\n\tGetHandleVerifier [0x00007FF69D46B095+29557]\n\t(No symbol) [0x00007FF69D3DFA50]\n\t(No symbol) [0x00007FF69D29B56A]\n\t(No symbol) [0x00007FF69D2EF695]\n\t(No symbol) [0x00007FF69D2EF8EC]\n\t(No symbol) [0x00007FF69D33B777]\n\t(No symbol) [0x00007FF69D3171CF]\n\t(No symbol) [0x00007FF69D33851C]\n\t(No symbol) [0x00007FF69D316F33]\n\t(No symbol) [0x00007FF69D2E116F]\n\t(No symbol) [0x00007FF69D2E22D1]\n\tGetHandleVerifier [0x00007FF69D79C96D+3378253]\n\tGetHandleVerifier [0x00007FF69D7E8497+3688311]\n\tGetHandleVerifier [0x00007FF69D7DD1CB+3642539]\n\tGetHandleVerifier [0x00007FF69D52A6B6+813462]\n\t(No symbol) [0x00007FF69D3EAB5F]\n\t(No symbol) [0x00007FF69D3E6B74]\n\t(No symbol) [0x00007FF69D3E6D10]\n\t(No symbol) [0x00007FF69D3D5C1F]\n\tBaseThreadInitThunk [0x00007FFD6B36257D+29]\n\tRtlUserThreadStart [0x00007FFD6C62AF28+40]","statusTrace":"self = <test_cases.test_Logs_LogPartition.Test_Logs_LogPartition object at 0x000002625B570530>\nsetup = <selenium.webdriver.chrome.webdriver.WebDriver (session=\"e1c97be93ac6b6d86141a4730bbac9a5\")>\n\n    def test_logpartition_edit_tablerow(self, setup):\n        self.logger.info(\"*************** Test_Tuning verify table_data *********************\")\n        self.driver = setup\n        self.driver.get(self.loginpage_url)\n        self.driver.maximize_window()\n        time.sleep(2)\n    \n        # --------- calling login page ------------#\n        self.login = Zoomview_Login_Page(self.driver)  # Corrected instantiation\n        self.login.enter_email(self.email)\n        self.login.enter_password(self.password)\n        self.login.click_login()\n        time.sleep(5)  # Wait for the login to process\n    \n        self.logs = Zoomview_Logs_Page(self.driver)\n>       self.logs.click_Logs()\n\ntest_cases\\test_Logs_LogPartition.py:202: \n_ _ _ _ _ _ _ _ _ _ _ _ _ _ _ _ _ _ _ _ _ _ _ _ _ _ _ _ _ _ _ _ _ _ _ _ _ _ _ _\nbase_pages\\Logs_Page.py:134: in click_Logs\n    self.driver.find_element(By.XPATH, self.button_Logs_xpath).click()\n..\\..\\..\\..\\AppData\\Local\\Programs\\Python\\Python312\\Lib\\site-packages\\selenium\\webdriver\\remote\\webdriver.py:741: in find_element\n    return self.execute(Command.FIND_ELEMENT, {\"using\": by, \"value\": value})[\"value\"]\n..\\..\\..\\..\\AppData\\Local\\Programs\\Python\\Python312\\Lib\\site-packages\\selenium\\webdriver\\remote\\webdriver.py:347: in execute\n    self.error_handler.check_response(response)\n_ _ _ _ _ _ _ _ _ _ _ _ _ _ _ _ _ _ _ _ _ _ _ _ _ _ _ _ _ _ _ _ _ _ _ _ _ _ _ _\n\nself = <selenium.webdriver.remote.errorhandler.ErrorHandler object at 0x000002625B9385F0>\nresponse = {'status': 404, 'value': '{\"value\":{\"error\":\"no such element\",\"message\":\"no such element: Unable to locate element: {\\...07FF69D3D5C1F]\\\\n\\\\tBaseThreadInitThunk [0x00007FFD6B36257D+29]\\\\n\\\\tRtlUserThreadStart [0x00007FFD6C62AF28+40]\\\\n\"}}'}\n\n    def check_response(self, response: Dict[str, Any]) -> None:\n        \"\"\"Checks that a JSON response from the WebDriver does not have an\n        error.\n    \n        :Args:\n         - response - The JSON response from the WebDriver server as a dictionary\n           object.\n    \n        :Raises: If the response contains an error message.\n        \"\"\"\n        status = response.get(\"status\", None)\n        if not status or status == ErrorCode.SUCCESS:\n            return\n        value = None\n        message = response.get(\"message\", \"\")\n        screen: str = response.get(\"screen\", \"\")\n        stacktrace = None\n        if isinstance(status, int):\n            value_json = response.get(\"value\", None)\n            if value_json and isinstance(value_json, str):\n                import json\n    \n                try:\n                    value = json.loads(value_json)\n                    if len(value) == 1:\n                        value = value[\"value\"]\n                    status = value.get(\"error\", None)\n                    if not status:\n                        status = value.get(\"status\", ErrorCode.UNKNOWN_ERROR)\n                        message = value.get(\"value\") or value.get(\"message\")\n                        if not isinstance(message, str):\n                            value = message\n                            message = message.get(\"message\")\n                    else:\n                        message = value.get(\"message\", None)\n                except ValueError:\n                    pass\n    \n        exception_class: Type[WebDriverException]\n        e = ErrorCode()\n        error_codes = [item for item in dir(e) if not item.startswith(\"__\")]\n        for error_code in error_codes:\n            error_info = getattr(ErrorCode, error_code)\n            if isinstance(error_info, list) and status in error_info:\n                exception_class = getattr(ExceptionMapping, error_code, WebDriverException)\n                break\n        else:\n            exception_class = WebDriverException\n    \n        if not value:\n            value = response[\"value\"]\n        if isinstance(value, str):\n            raise exception_class(value)\n        if message == \"\" and \"message\" in value:\n            message = value[\"message\"]\n    \n        screen = None  # type: ignore[assignment]\n        if \"screen\" in value:\n            screen = value[\"screen\"]\n    \n        stacktrace = None\n        st_value = value.get(\"stackTrace\") or value.get(\"stacktrace\")\n        if st_value:\n            if isinstance(st_value, str):\n                stacktrace = st_value.split(\"\\n\")\n            else:\n                stacktrace = []\n                try:\n                    for frame in st_value:\n                        line = frame.get(\"lineNumber\", \"\")\n                        file = frame.get(\"fileName\", \"<anonymous>\")\n                        if line:\n                            file = f\"{file}:{line}\"\n                        meth = frame.get(\"methodName\", \"<anonymous>\")\n                        if \"className\" in frame:\n                            meth = f\"{frame['className']}.{meth}\"\n                        msg = \"    at %s (%s)\"\n                        msg = msg % (meth, file)\n                        stacktrace.append(msg)\n                except TypeError:\n                    pass\n        if exception_class == UnexpectedAlertPresentException:\n            alert_text = None\n            if \"data\" in value:\n                alert_text = value[\"data\"].get(\"text\")\n            elif \"alert\" in value:\n                alert_text = value[\"alert\"].get(\"text\")\n            raise exception_class(message, screen, stacktrace, alert_text)  # type: ignore[call-arg]  # mypy is not smart enough here\n>       raise exception_class(message, screen, stacktrace)\nE       selenium.common.exceptions.NoSuchElementException: Message: no such element: Unable to locate element: {\"method\":\"xpath\",\"selector\":\"(//span[text()='Logs'])[1]\"}\nE         (Session info: chrome=129.0.6668.101); For documentation on this error, please visit: https://www.selenium.dev/documentation/webdriver/troubleshooting/errors#no-such-element-exception\nE       Stacktrace:\nE       \tGetHandleVerifier [0x00007FF69D46B095+29557]\nE       \t(No symbol) [0x00007FF69D3DFA50]\nE       \t(No symbol) [0x00007FF69D29B56A]\nE       \t(No symbol) [0x00007FF69D2EF695]\nE       \t(No symbol) [0x00007FF69D2EF8EC]\nE       \t(No symbol) [0x00007FF69D33B777]\nE       \t(No symbol) [0x00007FF69D3171CF]\nE       \t(No symbol) [0x00007FF69D33851C]\nE       \t(No symbol) [0x00007FF69D316F33]\nE       \t(No symbol) [0x00007FF69D2E116F]\nE       \t(No symbol) [0x00007FF69D2E22D1]\nE       \tGetHandleVerifier [0x00007FF69D79C96D+3378253]\nE       \tGetHandleVerifier [0x00007FF69D7E8497+3688311]\nE       \tGetHandleVerifier [0x00007FF69D7DD1CB+3642539]\nE       \tGetHandleVerifier [0x00007FF69D52A6B6+813462]\nE       \t(No symbol) [0x00007FF69D3EAB5F]\nE       \t(No symbol) [0x00007FF69D3E6B74]\nE       \t(No symbol) [0x00007FF69D3E6D10]\nE       \t(No symbol) [0x00007FF69D3D5C1F]\nE       \tBaseThreadInitThunk [0x00007FFD6B36257D+29]\nE       \tRtlUserThreadStart [0x00007FFD6C62AF28+40]\n\n..\\..\\..\\..\\AppData\\Local\\Programs\\Python\\Python312\\Lib\\site-packages\\selenium\\webdriver\\remote\\errorhandler.py:229: NoSuchElementException","flaky":false,"newFailed":false,"newBroken":false,"newPassed":false,"retriesCount":0,"retriesStatusChange":false,"beforeStages":[{"name":"browser","time":{"start":1731318927090,"stop":1731318927090,"duration":0},"status":"passed","steps":[],"attachments":[],"parameters":[],"attachmentsCount":0,"shouldDisplayMessage":false,"stepsCount":0,"attachmentStep":false,"hasContent":false},{"name":"setup","time":{"start":1731318927091,"stop":1731318929854,"duration":2763},"status":"passed","steps":[],"attachments":[],"parameters":[],"attachmentsCount":0,"shouldDisplayMessage":false,"stepsCount":0,"attachmentStep":false,"hasContent":false}],"testStage":{"status":"broken","statusMessage":"selenium.common.exceptions.NoSuchElementException: Message: no such element: Unable to locate element: {\"method\":\"xpath\",\"selector\":\"(//span[text()='Logs'])[1]\"}\n  (Session info: chrome=129.0.6668.101); For documentation on this error, please visit: https://www.selenium.dev/documentation/webdriver/troubleshooting/errors#no-such-element-exception\nStacktrace:\n\tGetHandleVerifier [0x00007FF69D46B095+29557]\n\t(No symbol) [0x00007FF69D3DFA50]\n\t(No symbol) [0x00007FF69D29B56A]\n\t(No symbol) [0x00007FF69D2EF695]\n\t(No symbol) [0x00007FF69D2EF8EC]\n\t(No symbol) [0x00007FF69D33B777]\n\t(No symbol) [0x00007FF69D3171CF]\n\t(No symbol) [0x00007FF69D33851C]\n\t(No symbol) [0x00007FF69D316F33]\n\t(No symbol) [0x00007FF69D2E116F]\n\t(No symbol) [0x00007FF69D2E22D1]\n\tGetHandleVerifier [0x00007FF69D79C96D+3378253]\n\tGetHandleVerifier [0x00007FF69D7E8497+3688311]\n\tGetHandleVerifier [0x00007FF69D7DD1CB+3642539]\n\tGetHandleVerifier [0x00007FF69D52A6B6+813462]\n\t(No symbol) [0x00007FF69D3EAB5F]\n\t(No symbol) [0x00007FF69D3E6B74]\n\t(No symbol) [0x00007FF69D3E6D10]\n\t(No symbol) [0x00007FF69D3D5C1F]\n\tBaseThreadInitThunk [0x00007FFD6B36257D+29]\n\tRtlUserThreadStart [0x00007FFD6C62AF28+40]","statusTrace":"self = <test_cases.test_Logs_LogPartition.Test_Logs_LogPartition object at 0x000002625B570530>\nsetup = <selenium.webdriver.chrome.webdriver.WebDriver (session=\"e1c97be93ac6b6d86141a4730bbac9a5\")>\n\n    def test_logpartition_edit_tablerow(self, setup):\n        self.logger.info(\"*************** Test_Tuning verify table_data *********************\")\n        self.driver = setup\n        self.driver.get(self.loginpage_url)\n        self.driver.maximize_window()\n        time.sleep(2)\n    \n        # --------- calling login page ------------#\n        self.login = Zoomview_Login_Page(self.driver)  # Corrected instantiation\n        self.login.enter_email(self.email)\n        self.login.enter_password(self.password)\n        self.login.click_login()\n        time.sleep(5)  # Wait for the login to process\n    \n        self.logs = Zoomview_Logs_Page(self.driver)\n>       self.logs.click_Logs()\n\ntest_cases\\test_Logs_LogPartition.py:202: \n_ _ _ _ _ _ _ _ _ _ _ _ _ _ _ _ _ _ _ _ _ _ _ _ _ _ _ _ _ _ _ _ _ _ _ _ _ _ _ _\nbase_pages\\Logs_Page.py:134: in click_Logs\n    self.driver.find_element(By.XPATH, self.button_Logs_xpath).click()\n..\\..\\..\\..\\AppData\\Local\\Programs\\Python\\Python312\\Lib\\site-packages\\selenium\\webdriver\\remote\\webdriver.py:741: in find_element\n    return self.execute(Command.FIND_ELEMENT, {\"using\": by, \"value\": value})[\"value\"]\n..\\..\\..\\..\\AppData\\Local\\Programs\\Python\\Python312\\Lib\\site-packages\\selenium\\webdriver\\remote\\webdriver.py:347: in execute\n    self.error_handler.check_response(response)\n_ _ _ _ _ _ _ _ _ _ _ _ _ _ _ _ _ _ _ _ _ _ _ _ _ _ _ _ _ _ _ _ _ _ _ _ _ _ _ _\n\nself = <selenium.webdriver.remote.errorhandler.ErrorHandler object at 0x000002625B9385F0>\nresponse = {'status': 404, 'value': '{\"value\":{\"error\":\"no such element\",\"message\":\"no such element: Unable to locate element: {\\...07FF69D3D5C1F]\\\\n\\\\tBaseThreadInitThunk [0x00007FFD6B36257D+29]\\\\n\\\\tRtlUserThreadStart [0x00007FFD6C62AF28+40]\\\\n\"}}'}\n\n    def check_response(self, response: Dict[str, Any]) -> None:\n        \"\"\"Checks that a JSON response from the WebDriver does not have an\n        error.\n    \n        :Args:\n         - response - The JSON response from the WebDriver server as a dictionary\n           object.\n    \n        :Raises: If the response contains an error message.\n        \"\"\"\n        status = response.get(\"status\", None)\n        if not status or status == ErrorCode.SUCCESS:\n            return\n        value = None\n        message = response.get(\"message\", \"\")\n        screen: str = response.get(\"screen\", \"\")\n        stacktrace = None\n        if isinstance(status, int):\n            value_json = response.get(\"value\", None)\n            if value_json and isinstance(value_json, str):\n                import json\n    \n                try:\n                    value = json.loads(value_json)\n                    if len(value) == 1:\n                        value = value[\"value\"]\n                    status = value.get(\"error\", None)\n                    if not status:\n                        status = value.get(\"status\", ErrorCode.UNKNOWN_ERROR)\n                        message = value.get(\"value\") or value.get(\"message\")\n                        if not isinstance(message, str):\n                            value = message\n                            message = message.get(\"message\")\n                    else:\n                        message = value.get(\"message\", None)\n                except ValueError:\n                    pass\n    \n        exception_class: Type[WebDriverException]\n        e = ErrorCode()\n        error_codes = [item for item in dir(e) if not item.startswith(\"__\")]\n        for error_code in error_codes:\n            error_info = getattr(ErrorCode, error_code)\n            if isinstance(error_info, list) and status in error_info:\n                exception_class = getattr(ExceptionMapping, error_code, WebDriverException)\n                break\n        else:\n            exception_class = WebDriverException\n    \n        if not value:\n            value = response[\"value\"]\n        if isinstance(value, str):\n            raise exception_class(value)\n        if message == \"\" and \"message\" in value:\n            message = value[\"message\"]\n    \n        screen = None  # type: ignore[assignment]\n        if \"screen\" in value:\n            screen = value[\"screen\"]\n    \n        stacktrace = None\n        st_value = value.get(\"stackTrace\") or value.get(\"stacktrace\")\n        if st_value:\n            if isinstance(st_value, str):\n                stacktrace = st_value.split(\"\\n\")\n            else:\n                stacktrace = []\n                try:\n                    for frame in st_value:\n                        line = frame.get(\"lineNumber\", \"\")\n                        file = frame.get(\"fileName\", \"<anonymous>\")\n                        if line:\n                            file = f\"{file}:{line}\"\n                        meth = frame.get(\"methodName\", \"<anonymous>\")\n                        if \"className\" in frame:\n                            meth = f\"{frame['className']}.{meth}\"\n                        msg = \"    at %s (%s)\"\n                        msg = msg % (meth, file)\n                        stacktrace.append(msg)\n                except TypeError:\n                    pass\n        if exception_class == UnexpectedAlertPresentException:\n            alert_text = None\n            if \"data\" in value:\n                alert_text = value[\"data\"].get(\"text\")\n            elif \"alert\" in value:\n                alert_text = value[\"alert\"].get(\"text\")\n            raise exception_class(message, screen, stacktrace, alert_text)  # type: ignore[call-arg]  # mypy is not smart enough here\n>       raise exception_class(message, screen, stacktrace)\nE       selenium.common.exceptions.NoSuchElementException: Message: no such element: Unable to locate element: {\"method\":\"xpath\",\"selector\":\"(//span[text()='Logs'])[1]\"}\nE         (Session info: chrome=129.0.6668.101); For documentation on this error, please visit: https://www.selenium.dev/documentation/webdriver/troubleshooting/errors#no-such-element-exception\nE       Stacktrace:\nE       \tGetHandleVerifier [0x00007FF69D46B095+29557]\nE       \t(No symbol) [0x00007FF69D3DFA50]\nE       \t(No symbol) [0x00007FF69D29B56A]\nE       \t(No symbol) [0x00007FF69D2EF695]\nE       \t(No symbol) [0x00007FF69D2EF8EC]\nE       \t(No symbol) [0x00007FF69D33B777]\nE       \t(No symbol) [0x00007FF69D3171CF]\nE       \t(No symbol) [0x00007FF69D33851C]\nE       \t(No symbol) [0x00007FF69D316F33]\nE       \t(No symbol) [0x00007FF69D2E116F]\nE       \t(No symbol) [0x00007FF69D2E22D1]\nE       \tGetHandleVerifier [0x00007FF69D79C96D+3378253]\nE       \tGetHandleVerifier [0x00007FF69D7E8497+3688311]\nE       \tGetHandleVerifier [0x00007FF69D7DD1CB+3642539]\nE       \tGetHandleVerifier [0x00007FF69D52A6B6+813462]\nE       \t(No symbol) [0x00007FF69D3EAB5F]\nE       \t(No symbol) [0x00007FF69D3E6B74]\nE       \t(No symbol) [0x00007FF69D3E6D10]\nE       \t(No symbol) [0x00007FF69D3D5C1F]\nE       \tBaseThreadInitThunk [0x00007FFD6B36257D+29]\nE       \tRtlUserThreadStart [0x00007FFD6C62AF28+40]\n\n..\\..\\..\\..\\AppData\\Local\\Programs\\Python\\Python312\\Lib\\site-packages\\selenium\\webdriver\\remote\\errorhandler.py:229: NoSuchElementException","steps":[],"attachments":[{"uid":"b3404871900ca1bf","name":"log","source":"b3404871900ca1bf.txt","type":"text/plain","size":111}],"parameters":[],"attachmentsCount":1,"shouldDisplayMessage":true,"stepsCount":0,"attachmentStep":false,"hasContent":true},"afterStages":[],"labels":[{"name":"parentSuite","value":"test_cases"},{"name":"suite","value":"test_Logs_LogPartition"},{"name":"subSuite","value":"Test_Logs_LogPartition"},{"name":"host","value":"ZCSU016-ZL"},{"name":"thread","value":"38232-MainThread"},{"name":"framework","value":"pytest"},{"name":"language","value":"cpython3"},{"name":"package","value":"test_cases.test_Logs_LogPartition"},{"name":"resultFormat","value":"allure2"}],"parameters":[],"links":[],"hidden":false,"retry":false,"extra":{"severity":"normal","retries":[],"categories":[{"name":"Test defects","matchedStatuses":[],"flaky":false}],"history":{"statistic":{"failed":0,"broken":3,"skipped":0,"passed":0,"unknown":0,"total":3},"items":[{"uid":"95431e11cbfd8ad2","reportUrl":"http://localhost:8080/job/Zoomview/5/allure/#testresult/95431e11cbfd8ad2","status":"broken","statusDetails":"selenium.common.exceptions.NoSuchElementException: Message: no such element: Unable to locate element: {\"method\":\"xpath\",\"selector\":\"(//span[text()='Logs'])[1]\"}\n  (Session info: chrome=129.0.6668.101); For documentation on this error, please visit: https://www.selenium.dev/documentation/webdriver/troubleshooting/errors#no-such-element-exception\nStacktrace:\n\tGetHandleVerifier [0x00007FF69D46B095+29557]\n\t(No symbol) [0x00007FF69D3DFA50]\n\t(No symbol) [0x00007FF69D29B56A]\n\t(No symbol) [0x00007FF69D2EF695]\n\t(No symbol) [0x00007FF69D2EF8EC]\n\t(No symbol) [0x00007FF69D33B777]\n\t(No symbol) [0x00007FF69D3171CF]\n\t(No symbol) [0x00007FF69D33851C]\n\t(No symbol) [0x00007FF69D316F33]\n\t(No symbol) [0x00007FF69D2E116F]\n\t(No symbol) [0x00007FF69D2E22D1]\n\tGetHandleVerifier [0x00007FF69D79C96D+3378253]\n\tGetHandleVerifier [0x00007FF69D7E8497+3688311]\n\tGetHandleVerifier [0x00007FF69D7DD1CB+3642539]\n\tGetHandleVerifier [0x00007FF69D52A6B6+813462]\n\t(No symbol) [0x00007FF69D3EAB5F]\n\t(No symbol) [0x00007FF69D3E6B74]\n\t(No symbol) [0x00007FF69D3E6D10]\n\t(No symbol) [0x00007FF69D3D5C1F]\n\tBaseThreadInitThunk [0x00007FFD6B36257D+29]\n\tRtlUserThreadStart [0x00007FFD6C62AF28+40]","time":{"start":1731318929855,"stop":1731318940890,"duration":11035}},{"uid":"3581608c5d4c4c25","reportUrl":"http://localhost:8080/job/Zoomview/4/allure/#testresult/3581608c5d4c4c25","status":"broken","statusDetails":"selenium.common.exceptions.NoSuchElementException: Message: no such element: Unable to locate element: {\"method\":\"xpath\",\"selector\":\"(//span[text()='Logs'])[1]\"}\n  (Session info: chrome=129.0.6668.101); For documentation on this error, please visit: https://www.selenium.dev/documentation/webdriver/troubleshooting/errors#no-such-element-exception\nStacktrace:\n\tGetHandleVerifier [0x00007FF69D46B095+29557]\n\t(No symbol) [0x00007FF69D3DFA50]\n\t(No symbol) [0x00007FF69D29B56A]\n\t(No symbol) [0x00007FF69D2EF695]\n\t(No symbol) [0x00007FF69D2EF8EC]\n\t(No symbol) [0x00007FF69D33B777]\n\t(No symbol) [0x00007FF69D3171CF]\n\t(No symbol) [0x00007FF69D33851C]\n\t(No symbol) [0x00007FF69D316F33]\n\t(No symbol) [0x00007FF69D2E116F]\n\t(No symbol) [0x00007FF69D2E22D1]\n\tGetHandleVerifier [0x00007FF69D79C96D+3378253]\n\tGetHandleVerifier [0x00007FF69D7E8497+3688311]\n\tGetHandleVerifier [0x00007FF69D7DD1CB+3642539]\n\tGetHandleVerifier [0x00007FF69D52A6B6+813462]\n\t(No symbol) [0x00007FF69D3EAB5F]\n\t(No symbol) [0x00007FF69D3E6B74]\n\t(No symbol) [0x00007FF69D3E6D10]\n\t(No symbol) [0x00007FF69D3D5C1F]\n\tBaseThreadInitThunk [0x00007FFD6B36257D+29]\n\tRtlUserThreadStart [0x00007FFD6C62AF28+40]","time":{"start":1731318929855,"stop":1731318940890,"duration":11035}}]},"tags":[]},"source":"692be366545b4f95.json","parameterValues":[]}